<?xml version="1.0" encoding="UTF-8"?>
<!-- Generated by org.testng.reporters.JUnitXMLReporter -->

<testsuite ignored="0" hostname="Shivu" failures="0" tests="1" name="Default test" time="0.245" errors="0" timestamp="2023-01-19T21:49:39 IST">
  <testcase classname="gitpractice.CreateNewCode" name="codePushed" time="0.039"/>

<testsuite ignored="0" hostname="Shivu" failures="0" tests="1" name="Default test" time="0.172" errors="0" timestamp="2023-01-19T21:52:59 IST">
  <testcase classname="gitpractice.PushNewCode" name="test1" time="0.035"/>

</testsuite> <!-- Default test -->
</testsuite>
