<?xml version="1.0" encoding="UTF-8"?>
<testng-results ignored="0" total="1" passed="1" failed="0" skipped="0">
  <reporter-output>
  </reporter-output>
  <suite started-at="2023-01-19T21:05:42 IST" name="Default suite" finished-at="2023-01-19T21:05:42 IST" duration-ms="183">
    <groups>
    </groups>
    <test started-at="2023-01-19T21:05:42 IST" name="Default test" finished-at="2023-01-19T21:05:42 IST" duration-ms="183">
      <class name="gitpractice.CreateNewCode">
        <test-method signature="codePushed()[pri:0, instance:gitpractice.CreateNewCode@163e4e87]" started-at="2023-01-19T21:05:42 IST" name="codePushed" finished-at="2023-01-19T21:05:42 IST" duration-ms="35" status="PASS">
          <reporter-output>
          </reporter-output>
        </test-method> <!-- codePushed -->
      </class> <!-- gitpractice.CreateNewCode -->
    </test> <!-- Default test -->
  </suite> <!-- Default suite -->
</testng-results>
